Build started 4/26/2012 7:53:08 PM.
     1>Project "C:\Users\jdesai\Documents\CppWorkspace\Skulptor\Skulptor\Skulptor.vcxproj" on node 2 (build target(s)).
     1>InitializeBuildStatus:
         Creating "Debug\Skulptor.unsuccessfulbuild" because "AlwaysCreate" was specified.
       CustomBuild:
         All outputs are up-to-date.
       ClCompile:
         C:\Program Files (x86)\Microsoft Visual Studio 10.0\VC\bin\CL.exe /c /I.\GeneratedFiles /ID:\Qt\4.8.1\include /I.\GeneratedFiles\Debug /ID:\Qt\4.8.1\include\qtmain /ID:\Qt\4.8.1\include\QtCore /ID:\Qt\4.8.1\include\QtGui /ID:\Qt\4.8.1\include\QtOpenGL /I.\ /Zi /nologo /W1 /WX- /Od /Oy- /D UNICODE /D WIN32 /D QT_LARGEFILE_SUPPORT /D QT_CORE_LIB /D QT_GUI_LIB /D QT_OPENGL_LIB /Gm- /EHsc /MDd /GS /fp:precise /Zc:wchar_t- /Zc:forScope /Fo"Debug\\" /Fd"Debug\vc100.pdb" /Gd /TP /analyze- /errorReport:prompt GeneratedFiles\Debug\moc_my3dviewer.cpp main.cpp my3dviewer.cpp
         moc_my3dviewer.cpp
         main.cpp
         my3dviewer.cpp
         Generating Code...
         C:\Program Files (x86)\Microsoft Visual Studio 10.0\VC\bin\CL.exe /c /I.\GeneratedFiles /ID:\Qt\4.8.1\include /I.\GeneratedFiles\Debug /ID:\Qt\4.8.1\include\qtmain /ID:\Qt\4.8.1\include\QtCore /ID:\Qt\4.8.1\include\QtGui /ID:\Qt\4.8.1\include\QtOpenGL /I.\ /Zi /nologo /W1 /WX- /Od /Oy- /D UNICODE /D WIN32 /D QT_LARGEFILE_SUPPORT /D QT_CORE_LIB /D QT_GUI_LIB /D QT_OPENGL_LIB /Gm- /EHsc /MDd /GS /fp:precise /Zc:wchar_t- /Zc:forScope /Fo"Debug\\" /Fd"Debug\vc100.pdb" /Gd /TP /analyze- /errorReport:prompt GeneratedFiles\qrc_maya18th.cpp GeneratedFiles\qrc_maya23aprilversion2.cpp GeneratedFiles\qrc_skulptor.cpp GeneratedFiles\qrc_startercode.cpp
         qrc_maya18th.cpp
         qrc_maya23aprilversion2.cpp
         qrc_skulptor.cpp
         qrc_startercode.cpp
         Generating Code...
         All outputs are up-to-date.
       Link:
         C:\Program Files (x86)\Microsoft Visual Studio 10.0\VC\bin\link.exe /ERRORREPORT:PROMPT /OUT:"C:\Users\jdesai\Documents\CppWorkspace\Skulptor\\Skulptor.exe" /NOLOGO /LIBPATH:D:\Qt\4.8.1\lib qtmaind.lib QtCored4.lib QtGuid4.lib QtOpenGLd4.lib opengl32.lib glu32.lib kernel32.lib user32.lib gdi32.lib winspool.lib comdlg32.lib advapi32.lib shell32.lib ole32.lib oleaut32.lib uuid.lib odbc32.lib odbccp32.lib /MANIFEST /ManifestFile:"Debug\Skulptor.exe.intermediate.manifest" /MANIFESTUAC:"level='asInvoker' uiAccess='false'" /DEBUG /PDB:"C:\Users\jdesai\Documents\CppWorkspace\Skulptor\Skulptor.pdb" /SUBSYSTEM:WINDOWS /TLBID:1 /DYNAMICBASE /NXCOMPAT /IMPLIB:"C:\Users\jdesai\Documents\CppWorkspace\Skulptor\Skulptor.lib" /MACHINE:X86 Debug\camera.obj
         Debug\face.obj
         Debug\moc_my3dviewer.obj
         Debug\moc_myglwidget.obj
         Debug\qrc_maya18th.obj
         Debug\qrc_maya23aprilversion2.obj
         Debug\qrc_skulptor.obj
         Debug\qrc_startercode.obj
         Debug\glew.obj
         Debug\halfedge.obj
         Debug\main.obj
         Debug\mesh.obj
         Debug\my3dviewer.obj
         Debug\MyCamera.obj
         Debug\myglwidget.obj
         Debug\vertex.obj
         Skulptor.vcxproj -> C:\Users\jdesai\Documents\CppWorkspace\Skulptor\Skulptor.exe
       Manifest:
         C:\Program Files (x86)\Microsoft SDKs\Windows\v7.0A\bin\mt.exe /nologo /verbose /outputresource:"C:\Users\jdesai\Documents\CppWorkspace\Skulptor\\Skulptor.exe;#1" /manifest Debug\Skulptor.exe.intermediate.manifest
       FinalizeBuildStatus:
         Deleting file "Debug\Skulptor.unsuccessfulbuild".
         Touching "Debug\Skulptor.lastbuildstate".
     1>Done Building Project "C:\Users\jdesai\Documents\CppWorkspace\Skulptor\Skulptor\Skulptor.vcxproj" (build target(s)).

Build succeeded.

Time Elapsed 00:00:15.66
